<?xml version="1.0" encoding="UTF-8"?>
<!-- Generated by org.testng.reporters.JUnitReportReporter -->
<testsuite hostname="LAPTOP-D8A5FL4O" failures="0" tests="2" name="com.demoblaze.tests.NegativeTest" time="59.221" errors="0" timestamp="2025-09-06T10:15:49 IST" skipped="0">
  <testcase classname="com.demoblaze.tests.NegativeTest" name="testLoginWithInvalidUsername" time="26.273"/>
  <testcase classname="com.demoblaze.tests.NegativeTest" name="testLoginWithInvalidUsername" time="32.948"/>
</testsuite> <!-- com.demoblaze.tests.NegativeTest -->
