<?xml version="1.0" encoding="UTF-8"?>
<!-- Generated by org.testng.reporters.JUnitReportReporter -->
<testsuite hostname="LAPTOP-D8A5FL4O" failures="0" tests="2" name="com.demoblaze.tests.NegativeTest" time="66.155" errors="0" timestamp="2025-09-06T13:13:37 IST" skipped="0">
  <testcase classname="com.demoblaze.tests.NegativeTest" name="testLoginWithInvalidUsername" time="33.119"/>
  <testcase classname="com.demoblaze.tests.NegativeTest" name="testLoginWithInvalidUsername" time="33.036"/>
</testsuite> <!-- com.demoblaze.tests.NegativeTest -->
