<?xml version="1.0" encoding="UTF-8"?>
<!-- Generated by org.testng.reporters.JUnitReportReporter -->
<testsuite hostname="LAPTOP-D8A5FL4O" failures="0" tests="4" name="com.demoblaze.tests.NavbarTest" time="11.990" errors="0" timestamp="2025-09-06T15:47:00 IST" skipped="0">
  <testcase classname="com.demoblaze.tests.NavbarTest" name="testBannerVisibility" time="2.691"/>
  <testcase classname="com.demoblaze.tests.NavbarTest" name="testNavbarElementsVisibility" time="2.798"/>
  <testcase classname="com.demoblaze.tests.NavbarTest" name="testContactButton" time="3.254"/>
  <testcase classname="com.demoblaze.tests.NavbarTest" name="testAboutUsButton" time="3.247"/>
</testsuite> <!-- com.demoblaze.tests.NavbarTest -->
