<?xml version="1.0" encoding="UTF-8"?>
<!-- Generated by org.testng.reporters.JUnitReportReporter -->
<testsuite hostname="LAPTOP-D8A5FL4O" failures="0" tests="4" name="com.demoblaze.tests.CartTest" time="166.316" errors="0" timestamp="2025-09-06T10:15:49 IST" skipped="0">
  <testcase classname="com.demoblaze.tests.CartTest" name="testAddToCart" time="35.870"/>
  <testcase classname="com.demoblaze.tests.CartTest" name="testDeleteFromCart" time="57.187"/>
  <testcase classname="com.demoblaze.tests.CartTest" name="testDeleteFromCart" time="37.146"/>
  <testcase classname="com.demoblaze.tests.CartTest" name="testAddToCart" time="36.113"/>
</testsuite> <!-- com.demoblaze.tests.CartTest -->
