<?xml version="1.0" encoding="UTF-8"?>
<!-- Generated by org.testng.reporters.JUnitReportReporter -->
<testsuite hostname="LAPTOP-D8A5FL4O" failures="0" tests="4" name="com.demoblaze.tests.NavigationTest" time="12.712" errors="0" timestamp="2025-09-06T10:15:49 IST" skipped="0">
  <testcase classname="com.demoblaze.tests.NavigationTest" name="testCategoryNavigation" time="3.615"/>
  <testcase classname="com.demoblaze.tests.NavigationTest" name="testHomePageNavigation" time="2.838"/>
  <testcase classname="com.demoblaze.tests.NavigationTest" name="testCategoryNavigation" time="3.357"/>
  <testcase classname="com.demoblaze.tests.NavigationTest" name="testHomePageNavigation" time="2.902"/>
</testsuite> <!-- com.demoblaze.tests.NavigationTest -->
