<?xml version="1.0" encoding="UTF-8"?>
<!-- Generated by org.testng.reporters.JUnitReportReporter -->
<testsuite hostname="LAPTOP-D8A5FL4O" failures="0" tests="2" name="com.demoblaze.tests.CartTest" time="96.039" errors="0" timestamp="2025-09-06T14:56:47 IST" skipped="0">
  <testcase classname="com.demoblaze.tests.CartTest" name="testAddToCart" time="37.060"/>
  <testcase classname="com.demoblaze.tests.CartTest" name="testDeleteFromCart" time="58.979"/>
</testsuite> <!-- com.demoblaze.tests.CartTest -->
