<?xml version="1.0" encoding="UTF-8"?>
<!-- Generated by org.testng.reporters.JUnitReportReporter -->
<testsuite hostname="LAPTOP-D8A5FL4O" failures="0" tests="2" name="com.demoblaze.tests.ProductTest" time="69.123" errors="0" timestamp="2025-09-06T15:47:00 IST" skipped="0">
  <testcase classname="com.demoblaze.tests.ProductTest" name="testAddToCartFromProductPage" time="37.110"/>
  <testcase classname="com.demoblaze.tests.ProductTest" name="testProductCategoriesContent" time="32.013"/>
</testsuite> <!-- com.demoblaze.tests.ProductTest -->
