<?xml version="1.0" encoding="UTF-8"?>
<!-- Generated by org.testng.reporters.JUnitReportReporter -->
<testsuite hostname="LAPTOP-D8A5FL4O" failures="0" tests="4" name="com.demoblaze.tests.SignUpTest" time="29.337" errors="0" timestamp="2025-09-06T13:13:37 IST" skipped="0">
  <testcase classname="com.demoblaze.tests.SignUpTest" name="testLoginAfterRegistration" time="9.643"/>
  <testcase classname="com.demoblaze.tests.SignUpTest" name="testValidUserRegistration" time="4.397"/>
  <testcase classname="com.demoblaze.tests.SignUpTest" name="testLoginAfterRegistration" time="8.741"/>
  <testcase classname="com.demoblaze.tests.SignUpTest" name="testValidUserRegistration" time="6.556"/>
</testsuite> <!-- com.demoblaze.tests.SignUpTest -->
