<?xml version="1.0" encoding="UTF-8"?>
<!-- Generated by org.testng.reporters.JUnitReportReporter -->
<testsuite hostname="LAPTOP-D8A5FL4O" failures="0" tests="2" name="com.demoblaze.tests.UserManagementTest" time="60.573" errors="0" timestamp="2025-09-06T15:47:00 IST" skipped="0">
  <testcase classname="com.demoblaze.tests.UserManagementTest" name="testUserLogout" time="30.217"/>
  <testcase classname="com.demoblaze.tests.UserManagementTest" name="testUserRegistrationWithUniqueUsername" time="30.356"/>
</testsuite> <!-- com.demoblaze.tests.UserManagementTest -->
