<?xml version="1.0" encoding="UTF-8"?>
<!-- Generated by org.testng.reporters.JUnitReportReporter -->
<testsuite hostname="LAPTOP-D8A5FL4O" failures="0" tests="2" name="com.demoblaze.tests.SignUpTest" time="14.170" errors="0" timestamp="2025-09-06T15:47:00 IST" skipped="0">
  <testcase classname="com.demoblaze.tests.SignUpTest" name="testLoginAfterRegistration" time="9.662"/>
  <testcase classname="com.demoblaze.tests.SignUpTest" name="testValidUserRegistration" time="4.508"/>
</testsuite> <!-- com.demoblaze.tests.SignUpTest -->
