<?xml version="1.0" encoding="UTF-8"?>
<!-- Generated by org.testng.reporters.JUnitReportReporter -->
<testsuite hostname="LAPTOP-D8A5FL4O" failures="0" tests="4" name="com.demoblaze.tests.NavbarTest" time="14.771" errors="0" timestamp="2025-09-07T20:53:03 IST" skipped="0">
  <testcase classname="com.demoblaze.tests.NavbarTest" name="testAboutUsButton" time="4.015"/>
  <testcase classname="com.demoblaze.tests.NavbarTest" name="testNavbarElementsVisibility" time="3.497"/>
  <testcase classname="com.demoblaze.tests.NavbarTest" name="testContactButton" time="3.934"/>
  <testcase classname="com.demoblaze.tests.NavbarTest" name="testBannerVisibility" time="3.325"/>
</testsuite> <!-- com.demoblaze.tests.NavbarTest -->
