<?xml version="1.0" encoding="UTF-8"?>
<!-- Generated by org.testng.reporters.JUnitReportReporter -->
<testsuite hostname="LAPTOP-D8A5FL4O" failures="0" tests="2" name="com.demoblaze.tests.PurchaseTest" time="48.982" errors="0" timestamp="2025-09-06T10:15:49 IST" skipped="0">
  <testcase classname="com.demoblaze.tests.PurchaseTest" name="testPurchaseProduct" time="24.566"/>
  <testcase classname="com.demoblaze.tests.PurchaseTest" name="testPurchaseProduct" time="24.416"/>
</testsuite> <!-- com.demoblaze.tests.PurchaseTest -->
