<?xml version="1.0" encoding="UTF-8"?>
<!-- Generated by org.testng.reporters.JUnitReportReporter -->
<testsuite hostname="LAPTOP-D8A5FL4O" failures="0" tests="2" name="com.demoblaze.tests.NavigationTest" time="7.052" errors="0" timestamp="2025-09-07T20:53:03 IST" skipped="0">
  <testcase classname="com.demoblaze.tests.NavigationTest" name="testHomePageNavigation" time="3.392"/>
  <testcase classname="com.demoblaze.tests.NavigationTest" name="testCategoryNavigation" time="3.660"/>
</testsuite> <!-- com.demoblaze.tests.NavigationTest -->
