<?xml version="1.0" encoding="UTF-8"?>
<!-- Generated by org.testng.reporters.JUnitReportReporter -->
<testsuite hostname="LAPTOP-D8A5FL4O" failures="0" tests="4" name="com.demoblaze.tests.ProductTest" time="139.452" errors="0" timestamp="2025-09-06T13:13:37 IST" skipped="0">
  <testcase classname="com.demoblaze.tests.ProductTest" name="testProductCategoriesContent" time="32.486"/>
  <testcase classname="com.demoblaze.tests.ProductTest" name="testAddToCartFromProductPage" time="37.333"/>
  <testcase classname="com.demoblaze.tests.ProductTest" name="testProductCategoriesContent" time="31.968"/>
  <testcase classname="com.demoblaze.tests.ProductTest" name="testAddToCartFromProductPage" time="37.665"/>
</testsuite> <!-- com.demoblaze.tests.ProductTest -->
