<?xml version="1.0" encoding="UTF-8"?>
<!-- Generated by org.testng.reporters.JUnitReportReporter -->
<testsuite hostname="LAPTOP-D8A5FL4O" failures="0" tests="4" name="com.demoblaze.tests.ProductTest" time="138.108" errors="0" timestamp="2025-09-06T10:15:49 IST" skipped="0">
  <testcase classname="com.demoblaze.tests.ProductTest" name="testAddToCartFromProductPage" time="37.167"/>
  <testcase classname="com.demoblaze.tests.ProductTest" name="testProductCategoriesContent" time="32.080"/>
  <testcase classname="com.demoblaze.tests.ProductTest" name="testProductCategoriesContent" time="32.063"/>
  <testcase classname="com.demoblaze.tests.ProductTest" name="testAddToCartFromProductPage" time="36.798"/>
</testsuite> <!-- com.demoblaze.tests.ProductTest -->
