<?xml version="1.0" encoding="UTF-8"?>
<!-- Generated by org.testng.reporters.JUnitReportReporter -->
<testsuite hostname="LAPTOP-D8A5FL4O" failures="0" tests="2" name="com.demoblaze.tests.SignUpTest" time="16.024" errors="0" timestamp="2025-09-06T14:56:47 IST" skipped="0">
  <testcase classname="com.demoblaze.tests.SignUpTest" name="testValidUserRegistration" time="6.814"/>
  <testcase classname="com.demoblaze.tests.SignUpTest" name="testLoginAfterRegistration" time="9.210"/>
</testsuite> <!-- com.demoblaze.tests.SignUpTest -->
