<?xml version="1.0" encoding="UTF-8"?>
<!-- Generated by org.testng.reporters.JUnitReportReporter -->
<testsuite hostname="LAPTOP-D8A5FL4O" failures="0" tests="4" name="com.demoblaze.tests.SignUpTest" time="29.160" errors="0" timestamp="2025-09-06T10:15:49 IST" skipped="0">
  <testcase classname="com.demoblaze.tests.SignUpTest" name="testValidUserRegistration" time="6.695"/>
  <testcase classname="com.demoblaze.tests.SignUpTest" name="testValidUserRegistration" time="4.484"/>
  <testcase classname="com.demoblaze.tests.SignUpTest" name="testLoginAfterRegistration" time="9.008"/>
  <testcase classname="com.demoblaze.tests.SignUpTest" name="testLoginAfterRegistration" time="8.973"/>
</testsuite> <!-- com.demoblaze.tests.SignUpTest -->
