<?xml version="1.0" encoding="UTF-8"?>
<!-- Generated by org.testng.reporters.JUnitReportReporter -->
<testsuite hostname="LAPTOP-D8A5FL4O" failures="0" tests="1" name="com.demoblaze.tests.PurchaseTest" time="25.915" errors="0" timestamp="2025-09-06T14:56:47 IST" skipped="0">
  <testcase classname="com.demoblaze.tests.PurchaseTest" name="testPurchaseProduct" time="25.915"/>
</testsuite> <!-- com.demoblaze.tests.PurchaseTest -->
