<?xml version="1.0" encoding="UTF-8"?>
<!-- Generated by org.testng.reporters.JUnitReportReporter -->
<testsuite hostname="LAPTOP-D8A5FL4O" failures="0" tests="2" name="com.demoblaze.tests.UserManagementTest" time="62.038" errors="0" timestamp="2025-09-07T20:53:03 IST" skipped="0">
  <testcase classname="com.demoblaze.tests.UserManagementTest" name="testUserRegistrationWithUniqueUsername" time="11.037"/>
  <testcase classname="com.demoblaze.tests.UserManagementTest" name="testUserLogout" time="51.001"/>
</testsuite> <!-- com.demoblaze.tests.UserManagementTest -->
