<?xml version="1.0" encoding="UTF-8"?>
<!-- Generated by org.testng.reporters.JUnitReportReporter -->
<testsuite hostname="LAPTOP-D8A5FL4O" failures="0" tests="4" name="com.demoblaze.tests.UserManagementTest" time="122.857" errors="0" timestamp="2025-09-06T13:13:37 IST" skipped="0">
  <testcase classname="com.demoblaze.tests.UserManagementTest" name="testUserRegistrationWithUniqueUsername" time="31.348"/>
  <testcase classname="com.demoblaze.tests.UserManagementTest" name="testUserRegistrationWithUniqueUsername" time="9.397"/>
  <testcase classname="com.demoblaze.tests.UserManagementTest" name="testUserLogout" time="52.190"/>
  <testcase classname="com.demoblaze.tests.UserManagementTest" name="testUserLogout" time="29.922"/>
</testsuite> <!-- com.demoblaze.tests.UserManagementTest -->
