<?xml version="1.0" encoding="UTF-8"?>
<!-- Generated by org.testng.reporters.JUnitReportReporter -->
<testsuite hostname="LAPTOP-D8A5FL4O" failures="0" tests="2" name="com.demoblaze.tests.UserManagementTest" time="60.456" errors="0" timestamp="2025-09-06T14:56:47 IST" skipped="0">
  <testcase classname="com.demoblaze.tests.UserManagementTest" name="testUserLogout" time="31.196"/>
  <testcase classname="com.demoblaze.tests.UserManagementTest" name="testUserRegistrationWithUniqueUsername" time="29.260"/>
</testsuite> <!-- com.demoblaze.tests.UserManagementTest -->
