<?xml version="1.0" encoding="UTF-8"?>
<!-- Generated by org.testng.reporters.JUnitReportReporter -->
<testsuite hostname="LAPTOP-D8A5FL4O" failures="0" tests="4" name="com.demoblaze.tests.CartTest" time="167.058" errors="0" timestamp="2025-09-06T13:13:37 IST" skipped="0">
  <testcase classname="com.demoblaze.tests.CartTest" name="testAddToCart" time="36.227"/>
  <testcase classname="com.demoblaze.tests.CartTest" name="testAddToCart" time="36.141"/>
  <testcase classname="com.demoblaze.tests.CartTest" name="testDeleteFromCart" time="57.330"/>
  <testcase classname="com.demoblaze.tests.CartTest" name="testDeleteFromCart" time="37.360"/>
</testsuite> <!-- com.demoblaze.tests.CartTest -->
