<?xml version="1.0" encoding="UTF-8"?>
<!-- Generated by org.testng.reporters.JUnitReportReporter -->
<testsuite hostname="LAPTOP-D8A5FL4O" failures="0" tests="4" name="com.demoblaze.tests.NavigationTest" time="13.516" errors="0" timestamp="2025-09-06T13:13:37 IST" skipped="0">
  <testcase classname="com.demoblaze.tests.NavigationTest" name="testHomePageNavigation" time="2.812"/>
  <testcase classname="com.demoblaze.tests.NavigationTest" name="testCategoryNavigation" time="3.517"/>
  <testcase classname="com.demoblaze.tests.NavigationTest" name="testHomePageNavigation" time="2.695"/>
  <testcase classname="com.demoblaze.tests.NavigationTest" name="testCategoryNavigation" time="4.492"/>
</testsuite> <!-- com.demoblaze.tests.NavigationTest -->
