<?xml version="1.0" encoding="UTF-8"?>
<!-- Generated by org.testng.reporters.JUnitReportReporter -->
<testsuite hostname="LAPTOP-D8A5FL4O" failures="0" tests="4" name="com.demoblaze.tests.UserManagementTest" time="122.188" errors="0" timestamp="2025-09-06T10:15:49 IST" skipped="0">
  <testcase classname="com.demoblaze.tests.UserManagementTest" name="testUserLogout" time="52.261"/>
  <testcase classname="com.demoblaze.tests.UserManagementTest" name="testUserRegistrationWithUniqueUsername" time="8.878"/>
  <testcase classname="com.demoblaze.tests.UserManagementTest" name="testUserRegistrationWithUniqueUsername" time="30.863"/>
  <testcase classname="com.demoblaze.tests.UserManagementTest" name="testUserLogout" time="30.186"/>
</testsuite> <!-- com.demoblaze.tests.UserManagementTest -->
