<?xml version="1.0" encoding="UTF-8"?>
<!-- Generated by org.testng.reporters.JUnitReportReporter -->
<testsuite hostname="LAPTOP-D8A5FL4O" failures="0" tests="2" name="com.demoblaze.tests.PurchaseTest" time="50.156" errors="0" timestamp="2025-09-06T13:13:37 IST" skipped="0">
  <testcase classname="com.demoblaze.tests.PurchaseTest" name="testPurchaseProduct" time="25.213"/>
  <testcase classname="com.demoblaze.tests.PurchaseTest" name="testPurchaseProduct" time="24.943"/>
</testsuite> <!-- com.demoblaze.tests.PurchaseTest -->
