<?xml version="1.0" encoding="UTF-8"?>
<!-- Generated by org.testng.reporters.JUnitReportReporter -->
<testsuite hostname="LAPTOP-D8A5FL4O" failures="0" tests="2" name="com.demoblaze.tests.CartTest" time="95.892" errors="0" timestamp="2025-09-07T20:53:03 IST" skipped="0">
  <testcase classname="com.demoblaze.tests.CartTest" name="testAddToCart" time="37.705"/>
  <testcase classname="com.demoblaze.tests.CartTest" name="testDeleteFromCart" time="58.187"/>
</testsuite> <!-- com.demoblaze.tests.CartTest -->
