<?xml version="1.0" encoding="UTF-8"?>
<!-- Generated by org.testng.reporters.JUnitReportReporter -->
<testsuite hostname="LAPTOP-D8A5FL4O" failures="0" tests="2" name="com.demoblaze.tests.SignUpTest" time="17.233" errors="0" timestamp="2025-09-04T23:00:47 IST" skipped="0">
  <testcase classname="com.demoblaze.tests.SignUpTest" name="testLoginAfterRegistration" time="12.194"/>
  <testcase classname="com.demoblaze.tests.SignUpTest" name="testValidUserRegistration" time="5.039"/>
</testsuite> <!-- com.demoblaze.tests.SignUpTest -->
